<?xml version="1.0" encoding="UTF-8"?>
<testsuite xmlns:xsi="http://www.w3.org/2001/XMLSchema-instance" xsi:noNamespaceSchemaLocation="https://maven.apache.org/surefire/maven-surefire-plugin/xsd/surefire-test-report.xsd" version="3.0.2" name="com.meetingroom.demo.MeetingRoomApplicationTests" time="10.214" tests="1" errors="0" skipped="0" failures="0">
  <properties>
[...]
</properties>
  <testcase name="contextLoads" classname="com.meetingroom.demo.MeetingRoomApplicationTests" time="0.626">
    <system-out><![CDATA[12:15:09.512 [main] INFO org.springframework.test.context.support.AnnotationConfigContextLoaderUtils -- Could not detect default configuration classes for test class [com.meetingroom.demo.MeetingRoomApplicationTests]: MeetingRoomApplicationTests does not declare any static, non-private, non-final, nested classes annotated with @Configuration.
12:15:09.728 [main] INFO org.springframework.boot.test.context.SpringBootTestContextBootstrapper -- Found @SpringBootConfiguration com.meetingroom.demo.MeetingRoomApplication for test class com.meetingroom.demo.MeetingRoomApplicationTests

  .   ____          _            __ _ _
 /\\ / ___'_ __ _ _(_)_ __  __ _ \ \ \ \
( ( )\___ | '_ | '_| | '_ \/ _` | \ \ \ \
 \\/  ___)| |_)| | | | | || (_| |  ) ) ) )
  '  |____| .__|_| |_|_| |_\__, | / / / /
 =========|_|==============|___/=/_/_/_/

 :: Spring Boot ::                (v3.5.0)

2026-04-13T12:15:10.594Z  INFO 113 --- [           main] c.m.demo.MeetingRoomApplicationTests     : Starting MeetingRoomApplicationTests using Java 21.0.10 with PID 113 (started by root in /app)
2026-04-13T12:15:10.597Z  INFO 113 --- [           main] c.m.demo.MeetingRoomApplicationTests     : The following 1 profile is active: "test"
2026-04-13T12:15:12.282Z  INFO 113 --- [           main] .s.d.r.c.RepositoryConfigurationDelegate : Multiple Spring Data modules found, entering strict repository configuration mode
2026-04-13T12:15:12.285Z  INFO 113 --- [           main] .s.d.r.c.RepositoryConfigurationDelegate : Bootstrapping Spring Data JDBC repositories in DEFAULT mode.
2026-04-13T12:15:12.343Z  INFO 113 --- [           main] .RepositoryConfigurationExtensionSupport : Spring Data JDBC - Could not safely identify store assignment for repository candidate interface com.meetingroom.demo.repository.BookingRepository; If you want this repository to be a JDBC repository, consider annotating your entities with one of these annotations: org.springframework.data.relational.core.mapping.Table.
2026-04-13T12:15:12.346Z  INFO 113 --- [           main] .RepositoryConfigurationExtensionSupport : Spring Data JDBC - Could not safely identify store assignment for repository candidate interface com.meetingroom.demo.repository.RoomRepository; If you want this repository to be a JDBC repository, consider annotating your entities with one of these annotations: org.springframework.data.relational.core.mapping.Table.
2026-04-13T12:15:12.349Z  INFO 113 --- [           main] .RepositoryConfigurationExtensionSupport : Spring Data JDBC - Could not safely identify store assignment for repository candidate interface com.meetingroom.demo.repository.UserRepository; If you want this repository to be a JDBC repository, consider annotating your entities with one of these annotations: org.springframework.data.relational.core.mapping.Table.
2026-04-13T12:15:12.350Z  INFO 113 --- [           main] .s.d.r.c.RepositoryConfigurationDelegate : Finished Spring Data repository scanning in 54 ms. Found 0 JDBC repository interfaces.
2026-04-13T12:15:12.372Z  INFO 113 --- [           main] .s.d.r.c.RepositoryConfigurationDelegate : Multiple Spring Data modules found, entering strict repository configuration mode
2026-04-13T12:15:12.373Z  INFO 113 --- [           main] .s.d.r.c.RepositoryConfigurationDelegate : Bootstrapping Spring Data JPA repositories in DEFAULT mode.
2026-04-13T12:15:12.425Z  INFO 113 --- [           main] .s.d.r.c.RepositoryConfigurationDelegate : Finished Spring Data repository scanning in 42 ms. Found 3 JPA repository interfaces.
2026-04-13T12:15:13.173Z  INFO 113 --- [           main] o.hibernate.jpa.internal.util.LogHelper  : HHH000204: Processing PersistenceUnitInfo [name: default]
2026-04-13T12:15:13.324Z  INFO 113 --- [           main] org.hibernate.Version                    : HHH000412: Hibernate ORM core version 6.6.15.Final
2026-04-13T12:15:13.387Z  INFO 113 --- [           main] o.h.c.internal.RegionFactoryInitiator    : HHH000026: Second-level cache disabled
2026-04-13T12:15:13.846Z  INFO 113 --- [           main] o.s.o.j.p.SpringPersistenceUnitInfo      : No LoadTimeWeaver setup: ignoring JPA class transformer
2026-04-13T12:15:13.889Z  INFO 113 --- [           main] com.zaxxer.hikari.HikariDataSource       : HikariPool-1 - Starting...
2026-04-13T12:15:14.186Z  INFO 113 --- [           main] com.zaxxer.hikari.pool.HikariPool        : HikariPool-1 - Added connection conn0: url=jdbc:h2:mem:testdb user=SA
2026-04-13T12:15:14.191Z  INFO 113 --- [           main] com.zaxxer.hikari.HikariDataSource       : HikariPool-1 - Start completed.
2026-04-13T12:15:14.227Z  WARN 113 --- [           main] org.hibernate.orm.deprecation            : HHH90000025: H2Dialect does not need to be specified explicitly using 'hibernate.dialect' (remove the property setting and it will be selected by default)
2026-04-13T12:15:14.258Z  INFO 113 --- [           main] org.hibernate.orm.connections.pooling    : HHH10001005: Database info:
	Database JDBC URL [Connecting through datasource 'HikariDataSource (HikariPool-1)']
	Database driver: undefined/unknown
	Database version: 2.3.232
	Autocommit mode: undefined/unknown
	Isolation level: undefined/unknown
	Minimum pool size: undefined/unknown
	Maximum pool size: undefined/unknown
2026-04-13T12:15:15.703Z  INFO 113 --- [           main] o.h.e.t.j.p.i.JtaPlatformInitiator       : HHH000489: No JTA platform available (set 'hibernate.transaction.jta.platform' to enable JTA platform integration)
Hibernate: drop table if exists app_user cascade 
Hibernate: drop table if exists Booking cascade 
Hibernate: drop table if exists Room cascade 
Hibernate: create table app_user (RegistrationDate date, userID integer generated by default as identity, phone varchar(10), personalID varchar(13) not null unique, FirstName varchar(50) not null, LastName varchar(50) not null, email varchar(100) unique, primary key (userID))
Hibernate: create table Booking (bookingID integer generated by default as identity, roomID integer not null, userID integer not null, endDateTime timestamp(6) not null, startDateTime timestamp(6) not null, primary key (bookingID))
Hibernate: create table Room (capacity integer not null check ((capacity>=1) and (capacity<=100)), roomID integer generated by default as identity, roomNumber varchar(6) not null unique, location varchar(100), roomName varchar(100) not null, primary key (roomID))
Hibernate: alter table if exists Booking add constraint FKq9m1lr9cgcb0jo5m8o0lh7bhe foreign key (roomID) references Room
Hibernate: alter table if exists Booking add constraint FK198l5sdqif8q1j054594n56pm foreign key (userID) references app_user
2026-04-13T12:15:15.794Z  INFO 113 --- [           main] j.LocalContainerEntityManagerFactoryBean : Initialized JPA EntityManagerFactory for persistence unit 'default'
2026-04-13T12:15:16.354Z  INFO 113 --- [           main] o.s.d.j.r.query.QueryEnhancerFactory     : Hibernate is in classpath; If applicable, HQL parser will be used.
2026-04-13T12:15:17.330Z  WARN 113 --- [           main] JpaBaseConfiguration$JpaWebConfiguration : spring.jpa.open-in-view is enabled by default. Therefore, database queries may be performed during view rendering. Explicitly configure spring.jpa.open-in-view to disable this warning
2026-04-13T12:15:18.485Z  INFO 113 --- [           main] o.s.b.a.e.web.EndpointLinksResolver      : Exposing 1 endpoint beneath base path '/actuator'
2026-04-13T12:15:18.620Z  INFO 113 --- [           main] c.m.demo.MeetingRoomApplicationTests     : Started MeetingRoomApplicationTests in 8.613 seconds (process running for 10.437)
]]></system-out>
    <system-err><![CDATA[Mockito is currently self-attaching to enable the inline-mock-maker. This will no longer work in future releases of the JDK. Please add Mockito as an agent to your build as described in Mockito's documentation: https://javadoc.io/doc/org.mockito/mockito-core/latest/org.mockito/org/mockito/Mockito.html#0.3
WARNING: A Java agent has been loaded dynamically (/root/.m2/repository/net/bytebuddy/byte-buddy-agent/1.17.5/byte-buddy-agent-1.17.5.jar)
WARNING: If a serviceability tool is in use, please run with -XX:+EnableDynamicAgentLoading to hide this warning
WARNING: If a serviceability tool is not in use, please run with -Djdk.instrument.traceUsage for more information
WARNING: Dynamic loading of agents will be disallowed by default in a future release
]]></system-err>
  </testcase>
</testsuite>